<?xml version="1.0" encoding="UTF-8"?>
<testsuite xmlns:xsi="http://www.w3.org/2001/XMLSchema-instance" xsi:noNamespaceSchemaLocation="https://maven.apache.org/surefire/maven-surefire-plugin/xsd/surefire-test-report-3.0.xsd" version="3.0" name="Quick search by idfv or name" time="0.063" tests="19" errors="0" skipped="19" failures="0">
  <properties>
    <property name="java.specification.version" value="13"/>
    <property name="sun.cpu.isalist" value="amd64"/>
    <property name="sun.jnu.encoding" value="Cp1252"/>
    <property name="java.class.path" value="C:\Users\thest\IdeaProjects\meetUpsearch\target\test-classes;C:\Users\thest\IdeaProjects\meetUpsearch\target\classes;C:\Users\thest\.m2\repository\io\cucumber\cucumber-java\3.0.2\cucumber-java-3.0.2.jar;C:\Users\thest\.m2\repository\io\cucumber\cucumber-java8\3.0.2\cucumber-java8-3.0.2.jar;C:\Users\thest\.m2\repository\net\jodah\typetools\0.5.0\typetools-0.5.0.jar;C:\Users\thest\.m2\repository\io\cucumber\cucumber-picocontainer\3.0.2\cucumber-picocontainer-3.0.2.jar;C:\Users\thest\.m2\repository\io\cucumber\gherkin\5.0.0\gherkin-5.0.0.jar;C:\Users\thest\.m2\repository\org\picocontainer\picocontainer\2.15\picocontainer-2.15.jar;C:\Users\thest\.m2\repository\org\seleniumhq\selenium\selenium-java\3.12.0\selenium-java-3.12.0.jar;C:\Users\thest\.m2\repository\org\seleniumhq\selenium\selenium-api\3.12.0\selenium-api-3.12.0.jar;C:\Users\thest\.m2\repository\org\seleniumhq\selenium\selenium-edge-driver\3.12.0\selenium-edge-driver-3.12.0.jar;C:\Users\thest\.m2\repository\org\seleniumhq\selenium\selenium-ie-driver\3.12.0\selenium-ie-driver-3.12.0.jar;C:\Users\thest\.m2\repository\org\seleniumhq\selenium\selenium-opera-driver\3.12.0\selenium-opera-driver-3.12.0.jar;C:\Users\thest\.m2\repository\org\seleniumhq\selenium\selenium-remote-driver\3.12.0\selenium-remote-driver-3.12.0.jar;C:\Users\thest\.m2\repository\org\seleniumhq\selenium\selenium-support\3.12.0\selenium-support-3.12.0.jar;C:\Users\thest\.m2\repository\net\bytebuddy\byte-buddy\1.8.3\byte-buddy-1.8.3.jar;C:\Users\thest\.m2\repository\org\apache\commons\commons-exec\1.3\commons-exec-1.3.jar;C:\Users\thest\.m2\repository\commons-codec\commons-codec\1.10\commons-codec-1.10.jar;C:\Users\thest\.m2\repository\commons-logging\commons-logging\1.2\commons-logging-1.2.jar;C:\Users\thest\.m2\repository\com\google\code\gson\gson\2.8.2\gson-2.8.2.jar;C:\Users\thest\.m2\repository\org\apache\httpcomponents\httpclient\4.5.3\httpclient-4.5.3.jar;C:\Users\thest\.m2\repository\org\apache\httpcomponents\httpcore\4.4.6\httpcore-4.4.6.jar;C:\Users\thest\.m2\repository\com\squareup\okhttp3\okhttp\3.9.1\okhttp-3.9.1.jar;C:\Users\thest\.m2\repository\com\squareup\okio\okio\1.13.0\okio-1.13.0.jar;C:\Users\thest\.m2\repository\org\seleniumhq\selenium\selenium-chrome-driver\3.12.0\selenium-chrome-driver-3.12.0.jar;C:\Users\thest\.m2\repository\org\seleniumhq\selenium\selenium-firefox-driver\3.12.0\selenium-firefox-driver-3.12.0.jar;C:\Users\thest\.m2\repository\org\seleniumhq\selenium\selenium-safari-driver\3.12.0\selenium-safari-driver-3.12.0.jar;C:\Users\thest\.m2\repository\io\github\bonigarcia\webdrivermanager\2.2.4\webdrivermanager-2.2.4.jar;C:\Users\thest\.m2\repository\org\slf4j\slf4j-api\1.7.25\slf4j-api-1.7.25.jar;C:\Users\thest\.m2\repository\commons-io\commons-io\2.6\commons-io-2.6.jar;C:\Users\thest\.m2\repository\org\rauschig\jarchivelib\0.8.0\jarchivelib-0.8.0.jar;C:\Users\thest\.m2\repository\org\apache\commons\commons-compress\1.14\commons-compress-1.14.jar;C:\Users\thest\.m2\repository\org\jsoup\jsoup\1.11.3\jsoup-1.11.3.jar;C:\Users\thest\.m2\repository\org\assertj\assertj-core\3.10.0\assertj-core-3.10.0.jar;C:\Users\thest\.m2\repository\com\google\guava\guava\25.1-jre\guava-25.1-jre.jar;C:\Users\thest\.m2\repository\com\google\code\findbugs\jsr305\3.0.2\jsr305-3.0.2.jar;C:\Users\thest\.m2\repository\org\checkerframework\checker-qual\2.0.0\checker-qual-2.0.0.jar;C:\Users\thest\.m2\repository\com\google\errorprone\error_prone_annotations\2.1.3\error_prone_annotations-2.1.3.jar;C:\Users\thest\.m2\repository\com\google\j2objc\j2objc-annotations\1.1\j2objc-annotations-1.1.jar;C:\Users\thest\.m2\repository\org\codehaus\mojo\animal-sniffer-annotations\1.14\animal-sniffer-annotations-1.14.jar;C:\Users\thest\.m2\repository\org\apache\commons\commons-lang3\3.7\commons-lang3-3.7.jar;C:\Users\thest\.m2\repository\io\cucumber\cucumber-junit\3.0.2\cucumber-junit-3.0.2.jar;C:\Users\thest\.m2\repository\junit\junit\4.12\junit-4.12.jar;C:\Users\thest\.m2\repository\org\hamcrest\hamcrest-core\1.3\hamcrest-core-1.3.jar;C:\Users\thest\.m2\repository\io\cucumber\cucumber-core\3.0.2\cucumber-core-3.0.2.jar;C:\Users\thest\.m2\repository\io\cucumber\cucumber-html\0.2.7\cucumber-html-0.2.7.jar;C:\Users\thest\.m2\repository\io\cucumber\tag-expressions\1.1.1\tag-expressions-1.1.1.jar;C:\Users\thest\.m2\repository\io\cucumber\cucumber-expressions\5.0.19\cucumber-expressions-5.0.19.jar;C:\Users\thest\.m2\repository\io\cucumber\datatable\1.0.3\datatable-1.0.3.jar;C:\Users\thest\.m2\repository\io\cucumber\datatable-dependencies\1.0.3\datatable-dependencies-1.0.3.jar;"/>
    <property name="java.vm.vendor" value="Oracle Corporation"/>
    <property name="sun.arch.data.model" value="64"/>
    <property name="user.variant" value=""/>
    <property name="java.vendor.url" value="https://java.oracle.com/"/>
    <property name="user.timezone" value="Europe/Kiev"/>
    <property name="os.name" value="Windows 10"/>
    <property name="java.vm.specification.version" value="13"/>
    <property name="sun.java.launcher" value="SUN_STANDARD"/>
    <property name="user.country" value="US"/>
    <property name="sun.boot.library.path" value="C:\Program Files\Java\jdk-13.0.2\bin"/>
    <property name="sun.java.command" value="C:\Users\thest\AppData\Local\Temp\surefire4265080308143048478\surefirebooter6507188622466277901.jar C:\Users\thest\AppData\Local\Temp\surefire4265080308143048478 2020-02-29T22-32-31_918-jvmRun1 surefire2358339520523533768tmp surefire_010010502384686381844tmp"/>
    <property name="jdk.debug" value="release"/>
    <property name="surefire.test.class.path" value="C:\Users\thest\IdeaProjects\meetUpsearch\target\test-classes;C:\Users\thest\IdeaProjects\meetUpsearch\target\classes;C:\Users\thest\.m2\repository\io\cucumber\cucumber-java\3.0.2\cucumber-java-3.0.2.jar;C:\Users\thest\.m2\repository\io\cucumber\cucumber-java8\3.0.2\cucumber-java8-3.0.2.jar;C:\Users\thest\.m2\repository\net\jodah\typetools\0.5.0\typetools-0.5.0.jar;C:\Users\thest\.m2\repository\io\cucumber\cucumber-picocontainer\3.0.2\cucumber-picocontainer-3.0.2.jar;C:\Users\thest\.m2\repository\io\cucumber\gherkin\5.0.0\gherkin-5.0.0.jar;C:\Users\thest\.m2\repository\org\picocontainer\picocontainer\2.15\picocontainer-2.15.jar;C:\Users\thest\.m2\repository\org\seleniumhq\selenium\selenium-java\3.12.0\selenium-java-3.12.0.jar;C:\Users\thest\.m2\repository\org\seleniumhq\selenium\selenium-api\3.12.0\selenium-api-3.12.0.jar;C:\Users\thest\.m2\repository\org\seleniumhq\selenium\selenium-edge-driver\3.12.0\selenium-edge-driver-3.12.0.jar;C:\Users\thest\.m2\repository\org\seleniumhq\selenium\selenium-ie-driver\3.12.0\selenium-ie-driver-3.12.0.jar;C:\Users\thest\.m2\repository\org\seleniumhq\selenium\selenium-opera-driver\3.12.0\selenium-opera-driver-3.12.0.jar;C:\Users\thest\.m2\repository\org\seleniumhq\selenium\selenium-remote-driver\3.12.0\selenium-remote-driver-3.12.0.jar;C:\Users\thest\.m2\repository\org\seleniumhq\selenium\selenium-support\3.12.0\selenium-support-3.12.0.jar;C:\Users\thest\.m2\repository\net\bytebuddy\byte-buddy\1.8.3\byte-buddy-1.8.3.jar;C:\Users\thest\.m2\repository\org\apache\commons\commons-exec\1.3\commons-exec-1.3.jar;C:\Users\thest\.m2\repository\commons-codec\commons-codec\1.10\commons-codec-1.10.jar;C:\Users\thest\.m2\repository\commons-logging\commons-logging\1.2\commons-logging-1.2.jar;C:\Users\thest\.m2\repository\com\google\code\gson\gson\2.8.2\gson-2.8.2.jar;C:\Users\thest\.m2\repository\org\apache\httpcomponents\httpclient\4.5.3\httpclient-4.5.3.jar;C:\Users\thest\.m2\repository\org\apache\httpcomponents\httpcore\4.4.6\httpcore-4.4.6.jar;C:\Users\thest\.m2\repository\com\squareup\okhttp3\okhttp\3.9.1\okhttp-3.9.1.jar;C:\Users\thest\.m2\repository\com\squareup\okio\okio\1.13.0\okio-1.13.0.jar;C:\Users\thest\.m2\repository\org\seleniumhq\selenium\selenium-chrome-driver\3.12.0\selenium-chrome-driver-3.12.0.jar;C:\Users\thest\.m2\repository\org\seleniumhq\selenium\selenium-firefox-driver\3.12.0\selenium-firefox-driver-3.12.0.jar;C:\Users\thest\.m2\repository\org\seleniumhq\selenium\selenium-safari-driver\3.12.0\selenium-safari-driver-3.12.0.jar;C:\Users\thest\.m2\repository\io\github\bonigarcia\webdrivermanager\2.2.4\webdrivermanager-2.2.4.jar;C:\Users\thest\.m2\repository\org\slf4j\slf4j-api\1.7.25\slf4j-api-1.7.25.jar;C:\Users\thest\.m2\repository\commons-io\commons-io\2.6\commons-io-2.6.jar;C:\Users\thest\.m2\repository\org\rauschig\jarchivelib\0.8.0\jarchivelib-0.8.0.jar;C:\Users\thest\.m2\repository\org\apache\commons\commons-compress\1.14\commons-compress-1.14.jar;C:\Users\thest\.m2\repository\org\jsoup\jsoup\1.11.3\jsoup-1.11.3.jar;C:\Users\thest\.m2\repository\org\assertj\assertj-core\3.10.0\assertj-core-3.10.0.jar;C:\Users\thest\.m2\repository\com\google\guava\guava\25.1-jre\guava-25.1-jre.jar;C:\Users\thest\.m2\repository\com\google\code\findbugs\jsr305\3.0.2\jsr305-3.0.2.jar;C:\Users\thest\.m2\repository\org\checkerframework\checker-qual\2.0.0\checker-qual-2.0.0.jar;C:\Users\thest\.m2\repository\com\google\errorprone\error_prone_annotations\2.1.3\error_prone_annotations-2.1.3.jar;C:\Users\thest\.m2\repository\com\google\j2objc\j2objc-annotations\1.1\j2objc-annotations-1.1.jar;C:\Users\thest\.m2\repository\org\codehaus\mojo\animal-sniffer-annotations\1.14\animal-sniffer-annotations-1.14.jar;C:\Users\thest\.m2\repository\org\apache\commons\commons-lang3\3.7\commons-lang3-3.7.jar;C:\Users\thest\.m2\repository\io\cucumber\cucumber-junit\3.0.2\cucumber-junit-3.0.2.jar;C:\Users\thest\.m2\repository\junit\junit\4.12\junit-4.12.jar;C:\Users\thest\.m2\repository\org\hamcrest\hamcrest-core\1.3\hamcrest-core-1.3.jar;C:\Users\thest\.m2\repository\io\cucumber\cucumber-core\3.0.2\cucumber-core-3.0.2.jar;C:\Users\thest\.m2\repository\io\cucumber\cucumber-html\0.2.7\cucumber-html-0.2.7.jar;C:\Users\thest\.m2\repository\io\cucumber\tag-expressions\1.1.1\tag-expressions-1.1.1.jar;C:\Users\thest\.m2\repository\io\cucumber\cucumber-expressions\5.0.19\cucumber-expressions-5.0.19.jar;C:\Users\thest\.m2\repository\io\cucumber\datatable\1.0.3\datatable-1.0.3.jar;C:\Users\thest\.m2\repository\io\cucumber\datatable-dependencies\1.0.3\datatable-dependencies-1.0.3.jar;"/>
    <property name="sun.cpu.endian" value="little"/>
    <property name="user.home" value="C:\Users\thest"/>
    <property name="user.language" value="en"/>
    <property name="java.specification.vendor" value="Oracle Corporation"/>
    <property name="java.version.date" value="2020-01-14"/>
    <property name="java.home" value="C:\Program Files\Java\jdk-13.0.2"/>
    <property name="file.separator" value="\"/>
    <property name="basedir" value="C:\Users\thest\IdeaProjects\meetUpsearch"/>
    <property name="java.vm.compressedOopsMode" value="Zero based"/>
    <property name="line.separator" value="&#10;"/>
    <property name="java.vm.specification.vendor" value="Oracle Corporation"/>
    <property name="java.specification.name" value="Java Platform API Specification"/>
    <property name="surefire.real.class.path" value="C:\Users\thest\AppData\Local\Temp\surefire4265080308143048478\surefirebooter6507188622466277901.jar"/>
    <property name="user.script" value=""/>
    <property name="sun.management.compiler" value="HotSpot 64-Bit Tiered Compilers"/>
    <property name="java.runtime.version" value="13.0.2+8"/>
    <property name="user.name" value="thest"/>
    <property name="path.separator" value=";"/>
    <property name="os.version" value="10.0"/>
    <property name="java.runtime.name" value="Java(TM) SE Runtime Environment"/>
    <property name="file.encoding" value="Cp1252"/>
    <property name="java.vm.name" value="Java HotSpot(TM) 64-Bit Server VM"/>
    <property name="localRepository" value="C:\Users\thest\.m2\repository"/>
    <property name="java.vendor.url.bug" value="https://bugreport.java.com/bugreport/"/>
    <property name="java.io.tmpdir" value="C:\Users\thest\AppData\Local\Temp\"/>
    <property name="java.version" value="13.0.2"/>
    <property name="user.dir" value="C:\Users\thest\IdeaProjects\meetUpsearch"/>
    <property name="os.arch" value="amd64"/>
    <property name="java.vm.specification.name" value="Java Virtual Machine Specification"/>
    <property name="sun.os.patch.level" value=""/>
    <property name="java.library.path" value="C:\Program Files\Java\jdk-13.0.2\bin;C:\Windows\Sun\Java\bin;C:\Windows\system32;C:\Windows;C:\Program Files (x86)\Common Files\Oracle\Java\javapath;C:\Windows\system32;C:\Windows;C:\Windows\System32\Wbem;C:\Windows\System32\WindowsPowerShell\v1.0\;C:\Windows\System32\OpenSSH\;C:\Program Files\Git\cmd;D:\WebDrivers;D:\apache-maven-3.6.3\bin;C:\Program Files (x86)\Microsoft SQL Server\150\DTS\Binn\;C:\Users\thest\AppData\Local\Microsoft\WindowsApps;;C:\Program Files\JetBrains\IntelliJ IDEA Community Edition 2019.3.2\bin;;."/>
    <property name="java.vm.info" value="mixed mode, sharing"/>
    <property name="java.vendor" value="Oracle Corporation"/>
    <property name="java.vm.version" value="13.0.2+8"/>
    <property name="sun.io.unicode.encoding" value="UnicodeLittle"/>
    <property name="java.class.version" value="57.0"/>
  </properties>
  <testcase name="operationadmin is checking filter by branch" classname="check filtering devices by tenant\company\branch\status" time="0">
    <skipped message="The step &quot;User default_user_1 logged in properly to default page&quot; is undefined"/>
  </testcase>
  <testcase name="operationadmin is checking filter by branch" classname="check filtering devices by tenant\company\branch\status" time="0">
    <skipped message="The step &quot;on_devices_page&quot; is undefined"/>
  </testcase>
  <testcase name="operationadmin is checking filter by branch" classname="check filtering devices by tenant\company\branch\status" time="0">
    <skipped message="The step &quot;search_by_IDFV&quot; is undefined"/>
  </testcase>
  <testcase name="operationadmin is checking filter by branch" classname="check filtering devices by tenant\company\branch\status" time="0">
    <skipped message="The step &quot;edit_device_details&quot; is undefined"/>
  </testcase>
  <testcase name="operationadmin is checking filter by branch" classname="check filtering devices by tenant\company\branch\status" time="0">
    <skipped message="The step &quot;leave_comment&quot; is undefined"/>
  </testcase>
  <testcase name="operationadmin is checking filter by branch" classname="check filtering devices by tenant\company\branch\status" time="0">
    <skipped message="The step &quot;User default_user_1 logged in properly to default page&quot; is undefined"/>
  </testcase>
  <testcase name="operationadmin is checking filter by branch" classname="check filtering devices by tenant\company\branch\status" time="0">
    <skipped message="The step &quot;on_devices_page&quot; is undefined"/>
  </testcase>
  <testcase name="operationadmin is checking filter by branch" classname="check filtering devices by tenant\company\branch\status" time="0">
    <skipped message="The step &quot;check_branch_filter&quot; is undefined"/>
  </testcase>
  <testcase name="operationadmin is checking filter by branch" classname="check filtering devices by tenant\company\branch\status" time="0">
    <skipped message="The step &quot;check_status_filter&quot; is undefined"/>
  </testcase>
  <testcase name="operationadmin is checking filters" classname="check filtering devices by tenant\company\branch\status" time="0">
    <skipped message="The step &quot;User default_user_1 logged in properly to default page&quot; is undefined"/>
  </testcase>
  <testcase name="operationadmin is checking filters" classname="check filtering devices by tenant\company\branch\status" time="0">
    <skipped message="The step &quot;on_devices_page&quot; is undefined"/>
  </testcase>
  <testcase name="operationadmin is checking filters" classname="check filtering devices by tenant\company\branch\status" time="0">
    <skipped message="The step &quot;check_tenant_filter&quot; is undefined"/>
  </testcase>
  <testcase name="operationadmin is checking filters" classname="check filtering devices by tenant\company\branch\status" time="0">
    <skipped message="The step &quot;check_company_filter&quot; is undefined"/>
  </testcase>
  <testcase name="login with correct details" classname="login fucking somewhere" time="0">
    <skipped message="The step &quot;User default_user_1 logged in properly to default page&quot; is undefined"/>
  </testcase>
  <testcase name="login with correct details" classname="login fucking somewhere" time="0">
    <skipped message="The step &quot;User is on device management&quot; is undefined"/>
  </testcase>
  <testcase name="searching certain device by idfv or name" classname="Quick search by idfv or name" time="0">
    <skipped message="The step &quot;User default_user_1 logged in properly to default page&quot; is undefined"/>
  </testcase>
  <testcase name="searching certain device by idfv or name" classname="Quick search by idfv or name" time="0">
    <skipped message="The step &quot;on_devices_page&quot; is undefined"/>
  </testcase>
  <testcase name="searching certain device by idfv or name" classname="Quick search by idfv or name" time="0">
    <skipped message="The step &quot;search_by_IDFV&quot; is undefined"/>
  </testcase>
  <testcase name="searching certain device by idfv or name" classname="Quick search by idfv or name" time="0">
    <skipped message="The step &quot;filtered_device_displayed&quot; is undefined"/>
  </testcase>
</testsuite>